info..N(8) M(3)
operation_cost..: 1(1) 2(5) 3(13) 4(25) 5(41) 6(61) 7(85) 8(113) 9(145) 10(181) 11(221) 12(265) 13(313) 14(365) 15(421) 16(481) 17(545) 18(613) 19(685) 20(761) 21(841) 22(925) 23(1013) 24(1105) 25(1201) 26(1301) 27(1405) 28(1513) 29(1625) 30(1741) 31(1861) 32(1985) 33(2113) 34(2245) 35(2381) 36(2521) 37(2665) 38(2813) 39(2965) 40(3121) 41(3281) 42(3445) 43(3613) 44(3785) 45(3961) 46(4141) 47(4325) 48(4513) 49(4705) 50(4901) 
..max_possible_fee:33
0 0 0 0 0 1 0 0 
0 1 0 1 0 0 0 1 
0 0 0 0 0 0 0 0 
0 0 0 1 0 1 0 0 
0 0 1 1 0 0 0 0 
0 0 0 0 0 0 0 0 
0 0 0 0 1 0 1 0 
1 0 0 0 0 0 0 0 
start find..(0 0)
k = 5, cnt_max_home=1 max_k=3 
visited
2 2 2 2 2 0 0 0 
2 2 2 2 0 0 0 0 
2 2 2 0 0 0 0 0 
2 2 0 0 0 0 0 0 
2 0 0 0 0 0 0 0 
0 0 0 0 0 0 0 0 
0 0 0 0 0 0 0 0 
0 0 0 0 0 0 0 0 
local_max = 1
start find..(0 1)
k = 5, cnt_max_home=2 max_k=4 
visited
2 2 2 2 2 2 0 0 
2 2 2 2 2 0 0 0 
2 2 2 2 0 0 0 0 
2 2 2 0 0 0 0 0 
0 2 0 0 0 0 0 0 
0 0 0 0 0 0 0 0 
0 0 0 0 0 0 0 0 
0 0 0 0 0 0 0 0 
local_max = 2
start find..(0 2)
k = 5, cnt_max_home=3 max_k=4 
visited
2 2 2 2 2 2 2 0 
2 2 2 2 2 2 0 0 
2 2 2 2 2 0 0 0 
0 2 2 2 0 0 0 0 
0 0 2 0 0 0 0 0 
0 0 0 0 0 0 0 0 
0 0 0 0 0 0 0 0 
0 0 0 0 0 0 0 0 
local_max = 3
start find..(0 3)
k = 5, cnt_max_home=4 max_k=4 
visited
2 2 2 2 2 2 2 2 
2 2 2 2 2 2 2 0 
0 2 2 2 2 2 0 0 
0 0 2 2 2 0 0 0 
0 0 0 2 0 0 0 0 
0 0 0 0 0 0 0 0 
0 0 0 0 0 0 0 0 
0 0 0 0 0 0 0 0 
local_max = 4
start find..(0 4)
k = 5, cnt_max_home=2 max_k=3 
visited
2 2 2 2 2 2 2 2 
0 2 2 2 2 2 2 2 
0 0 2 2 2 2 2 0 
0 0 0 2 2 2 0 0 
0 0 0 0 2 0 0 0 
0 0 0 0 0 0 0 0 
0 0 0 0 0 0 0 0 
0 0 0 0 0 0 0 0 
local_max = 2
start find..(0 5)
k = 5, cnt_max_home=4 max_k=4 
visited
0 2 2 2 2 2 2 2 
0 0 2 2 2 2 2 2 
0 0 0 2 2 2 2 2 
0 0 0 0 2 2 2 0 
0 0 0 0 0 2 0 0 
0 0 0 0 0 0 0 0 
0 0 0 0 0 0 0 0 
0 0 0 0 0 0 0 0 
local_max = 4
start find..(0 6)
k = 5, cnt_max_home=2 max_k=3 
visited
0 0 2 2 2 2 2 2 
0 0 0 2 2 2 2 2 
0 0 0 0 2 2 2 2 
0 0 0 0 0 2 2 2 
0 0 0 0 0 0 2 0 
0 0 0 0 0 0 0 0 
0 0 0 0 0 0 0 0 
0 0 0 0 0 0 0 0 
local_max = 2
start find..(0 7)
k = 5, cnt_max_home=2 max_k=3 
visited
0 0 0 2 2 2 2 2 
0 0 0 0 2 2 2 2 
0 0 0 0 0 2 2 2 
0 0 0 0 0 0 2 2 
0 0 0 0 0 0 0 2 
0 0 0 0 0 0 0 0 
0 0 0 0 0 0 0 0 
0 0 0 0 0 0 0 0 
local_max = 2
start find..(1 0)
k = 5, cnt_max_home=2 max_k=4 
visited
2 2 2 2 0 0 0 0 
2 2 2 2 2 0 0 0 
2 2 2 2 0 0 0 0 
2 2 2 0 0 0 0 0 
2 2 0 0 0 0 0 0 
2 0 0 0 0 0 0 0 
0 0 0 0 0 0 0 0 
0 0 0 0 0 0 0 0 
local_max = 2
start find..(1 1)
k = 5, cnt_max_home=2 max_k=3 
visited
2 2 2 2 2 0 0 0 
2 2 2 2 2 2 0 0 
2 2 2 2 2 0 0 0 
2 2 2 2 0 0 0 0 
2 2 2 0 0 0 0 0 
0 2 0 0 0 0 0 0 
0 0 0 0 0 0 0 0 
0 0 0 0 0 0 0 0 
local_max = 2
start find..(1 2)
k = 5, cnt_max_home=4 max_k=4 
visited
2 2 2 2 2 2 0 0 
2 2 2 2 2 2 2 0 
2 2 2 2 2 2 0 0 
2 2 2 2 2 0 0 0 
0 2 2 2 0 0 0 0 
0 0 2 0 0 0 0 0 
0 0 0 0 0 0 0 0 
0 0 0 0 0 0 0 0 
local_max = 4
start find..(1 3)
k = 5, cnt_max_home=5 max_k=4 
visited
2 2 2 2 2 2 2 0 
2 2 2 2 2 2 2 2 
2 2 2 2 2 2 2 0 
0 2 2 2 2 2 0 0 
0 0 2 2 2 0 0 0 
0 0 0 2 0 0 0 0 
0 0 0 0 0 0 0 0 
0 0 0 0 0 0 0 0 
local_max = 5
start find..(1 4)
k = 5, cnt_max_home=6 max_k=4 
visited
0 2 2 2 2 2 2 2 
2 2 2 2 2 2 2 2 
0 2 2 2 2 2 2 2 
0 0 2 2 2 2 2 0 
0 0 0 2 2 2 0 0 
0 0 0 0 2 0 0 0 
0 0 0 0 0 0 0 0 
0 0 0 0 0 0 0 0 
local_max = 6
start find..(1 5)
k = 5, cnt_max_home=4 max_k=3 
visited
0 0 2 2 2 2 2 2 
0 2 2 2 2 2 2 2 
0 0 2 2 2 2 2 2 
0 0 0 2 2 2 2 2 
0 0 0 0 2 2 2 0 
0 0 0 0 0 2 0 0 
0 0 0 0 0 0 0 0 
0 0 0 0 0 0 0 0 
local_max = 4
start find..(1 6)
k = 5, cnt_max_home=4 max_k=4 
visited
0 0 0 2 2 2 2 2 
0 0 2 2 2 2 2 2 
0 0 0 2 2 2 2 2 
0 0 0 0 2 2 2 2 
0 0 0 0 0 2 2 2 
0 0 0 0 0 0 2 0 
0 0 0 0 0 0 0 0 
0 0 0 0 0 0 0 0 
local_max = 4
start find..(1 7)
k = 5, cnt_max_home=2 max_k=4 
visited
0 0 0 0 2 2 2 2 
0 0 0 2 2 2 2 2 
0 0 0 0 2 2 2 2 
0 0 0 0 0 2 2 2 
0 0 0 0 0 0 2 2 
0 0 0 0 0 0 0 2 
0 0 0 0 0 0 0 0 
0 0 0 0 0 0 0 0 
local_max = 2
start find..(2 0)
k = 5, cnt_max_home=1 max_k=3 
visited
2 2 2 0 0 0 0 0 
2 2 2 2 0 0 0 0 
2 2 2 2 2 0 0 0 
2 2 2 2 0 0 0 0 
2 2 2 0 0 0 0 0 
2 2 0 0 0 0 0 0 
2 0 0 0 0 0 0 0 
0 0 0 0 0 0 0 0 
local_max = 1
start find..(2 1)
k = 5, cnt_max_home=4 max_k=4 
visited
2 2 2 2 0 0 0 0 
2 2 2 2 2 0 0 0 
2 2 2 2 2 2 0 0 
2 2 2 2 2 0 0 0 
2 2 2 2 0 0 0 0 
2 2 2 0 0 0 0 0 
0 2 0 0 0 0 0 0 
0 0 0 0 0 0 0 0 
local_max = 4
start find..(2 2)
k = 5, cnt_max_home=5 max_k=4 
visited
2 2 2 2 2 0 0 0 
2 2 2 2 2 2 0 0 
2 2 2 2 2 2 2 0 
2 2 2 2 2 2 0 0 
2 2 2 2 2 0 0 0 
0 2 2 2 0 0 0 0 
0 0 2 0 0 0 0 0 
0 0 0 0 0 0 0 0 
local_max = 5
start find..(2 3)
k = 5, cnt_max_home=6 max_k=4 
visited
0 2 2 2 2 2 0 0 
2 2 2 2 2 2 2 0 
2 2 2 2 2 2 2 2 
2 2 2 2 2 2 2 0 
0 2 2 2 2 2 0 0 
0 0 2 2 2 0 0 0 
0 0 0 2 0 0 0 0 
0 0 0 0 0 0 0 0 
local_max = 6
start find..(2 4)
k = 5, cnt_max_home=5 max_k=4 
visited
0 0 2 2 2 2 2 0 
0 2 2 2 2 2 2 2 
2 2 2 2 2 2 2 2 
0 2 2 2 2 2 2 2 
0 0 2 2 2 2 2 0 
0 0 0 2 2 2 0 0 
0 0 0 0 2 0 0 0 
0 0 0 0 0 0 0 0 
local_max = 5
start find..(2 5)
k = 5, cnt_max_home=5 max_k=4 
visited
0 0 0 2 2 2 2 2 
0 0 2 2 2 2 2 2 
0 2 2 2 2 2 2 2 
0 0 2 2 2 2 2 2 
0 0 0 2 2 2 2 2 
0 0 0 0 2 2 2 0 
0 0 0 0 0 2 0 0 
0 0 0 0 0 0 0 0 
local_max = 5
start find..(2 6)
k = 5, cnt_max_home=3 max_k=4 
visited
0 0 0 0 2 2 2 2 
0 0 0 2 2 2 2 2 
0 0 2 2 2 2 2 2 
0 0 0 2 2 2 2 2 
0 0 0 0 2 2 2 2 
0 0 0 0 0 2 2 2 
0 0 0 0 0 0 2 0 
0 0 0 0 0 0 0 0 
local_max = 3
start find..(2 7)
k = 5, cnt_max_home=2 max_k=4 
visited
0 0 0 0 0 2 2 2 
0 0 0 0 2 2 2 2 
0 0 0 2 2 2 2 2 
0 0 0 0 2 2 2 2 
0 0 0 0 0 2 2 2 
0 0 0 0 0 0 2 2 
0 0 0 0 0 0 0 2 
0 0 0 0 0 0 0 0 
local_max = 2
start find..(3 0)
k = 5, cnt_max_home=3 max_k=4 
visited
2 2 0 0 0 0 0 0 
2 2 2 0 0 0 0 0 
2 2 2 2 0 0 0 0 
2 2 2 2 2 0 0 0 
2 2 2 2 0 0 0 0 
2 2 2 0 0 0 0 0 
2 2 0 0 0 0 0 0 
2 0 0 0 0 0 0 0 
local_max = 3
start find..(3 1)
k = 5, cnt_max_home=4 max_k=4 
visited
2 2 2 0 0 0 0 0 
2 2 2 2 0 0 0 0 
2 2 2 2 2 0 0 0 
2 2 2 2 2 2 0 0 
2 2 2 2 2 0 0 0 
2 2 2 2 0 0 0 0 
2 2 2 0 0 0 0 0 
0 2 0 0 0 0 0 0 
local_max = 4
start find..(3 2)
k = 5, cnt_max_home=6 max_k=4 
visited
0 2 2 2 0 0 0 0 
2 2 2 2 2 0 0 0 
2 2 2 2 2 2 0 0 
2 2 2 2 2 2 2 0 
2 2 2 2 2 2 0 0 
2 2 2 2 2 0 0 0 
0 2 2 2 0 0 0 0 
0 0 2 0 0 0 0 0 
local_max = 6
start find..(3 3)
k = 5, cnt_max_home=5 max_k=4 
visited
0 0 2 2 2 0 0 0 
0 2 2 2 2 2 0 0 
2 2 2 2 2 2 2 0 
2 2 2 2 2 2 2 2 
2 2 2 2 2 2 2 0 
0 2 2 2 2 2 0 0 
0 0 2 2 2 0 0 0 
0 0 0 2 0 0 0 0 
local_max = 5
start find..(3 4)
k = 5, cnt_max_home=6 max_k=4 
visited
0 0 0 2 2 2 0 0 
0 0 2 2 2 2 2 0 
0 2 2 2 2 2 2 2 
2 2 2 2 2 2 2 2 
0 2 2 2 2 2 2 2 
0 0 2 2 2 2 2 0 
0 0 0 2 2 2 0 0 
0 0 0 0 2 0 0 0 
local_max = 6
start find..(3 5)
k = 5, cnt_max_home=4 max_k=4 
visited
0 0 0 0 2 2 2 0 
0 0 0 2 2 2 2 2 
0 0 2 2 2 2 2 2 
0 2 2 2 2 2 2 2 
0 0 2 2 2 2 2 2 
0 0 0 2 2 2 2 2 
0 0 0 0 2 2 2 0 
0 0 0 0 0 2 0 0 
local_max = 4
start find..(3 6)
k = 5, cnt_max_home=4 max_k=4 
visited
0 0 0 0 0 2 2 2 
0 0 0 0 2 2 2 2 
0 0 0 2 2 2 2 2 
0 0 2 2 2 2 2 2 
0 0 0 2 2 2 2 2 
0 0 0 0 2 2 2 2 
0 0 0 0 0 2 2 2 
0 0 0 0 0 0 2 0 
local_max = 4
start find..(3 7)
k = 5, cnt_max_home=2 max_k=3 
visited
0 0 0 0 0 0 2 2 
0 0 0 0 0 2 2 2 
0 0 0 0 2 2 2 2 
0 0 0 2 2 2 2 2 
0 0 0 0 2 2 2 2 
0 0 0 0 0 2 2 2 
0 0 0 0 0 0 2 2 
0 0 0 0 0 0 0 2 
local_max = 2
start find..(4 0)
k = 5, cnt_max_home=3 max_k=4 
visited
2 0 0 0 0 0 0 0 
2 2 0 0 0 0 0 0 
2 2 2 0 0 0 0 0 
2 2 2 2 0 0 0 0 
2 2 2 2 2 0 0 0 
2 2 2 2 0 0 0 0 
2 2 2 0 0 0 0 0 
2 2 0 0 0 0 0 0 
local_max = 3
start find..(4 1)
k = 5, cnt_max_home=4 max_k=4 
visited
0 2 0 0 0 0 0 0 
2 2 2 0 0 0 0 0 
2 2 2 2 0 0 0 0 
2 2 2 2 2 0 0 0 
2 2 2 2 2 2 0 0 
2 2 2 2 2 0 0 0 
2 2 2 2 0 0 0 0 
2 2 2 0 0 0 0 0 
local_max = 4
start find..(4 2)
k = 5, cnt_max_home=3 max_k=3 
visited
0 0 2 0 0 0 0 0 
0 2 2 2 0 0 0 0 
2 2 2 2 2 0 0 0 
2 2 2 2 2 2 0 0 
2 2 2 2 2 2 2 0 
2 2 2 2 2 2 0 0 
2 2 2 2 2 0 0 0 
0 2 2 2 0 0 0 0 
local_max = 3
start find..(4 3)
k = 5, cnt_max_home=6 max_k=4 
visited
0 0 0 2 0 0 0 0 
0 0 2 2 2 0 0 0 
0 2 2 2 2 2 0 0 
2 2 2 2 2 2 2 0 
2 2 2 2 2 2 2 2 
2 2 2 2 2 2 2 0 
0 2 2 2 2 2 0 0 
0 0 2 2 2 0 0 0 
local_max = 6
start find..(4 4)
k = 5, cnt_max_home=5 max_k=4 
visited
0 0 0 0 2 0 0 0 
0 0 0 2 2 2 0 0 
0 0 2 2 2 2 2 0 
0 2 2 2 2 2 2 2 
2 2 2 2 2 2 2 2 
0 2 2 2 2 2 2 2 
0 0 2 2 2 2 2 0 
0 0 0 2 2 2 0 0 
local_max = 5
start find..(4 5)
k = 5, cnt_max_home=6 max_k=4 
visited
0 0 0 0 0 2 0 0 
0 0 0 0 2 2 2 0 
0 0 0 2 2 2 2 2 
0 0 2 2 2 2 2 2 
0 2 2 2 2 2 2 2 
0 0 2 2 2 2 2 2 
0 0 0 2 2 2 2 2 
0 0 0 0 2 2 2 0 
local_max = 6
start find..(4 6)
k = 5, cnt_max_home=3 max_k=4 
visited
0 0 0 0 0 0 2 0 
0 0 0 0 0 2 2 2 
0 0 0 0 2 2 2 2 
0 0 0 2 2 2 2 2 
0 0 2 2 2 2 2 2 
0 0 0 2 2 2 2 2 
0 0 0 0 2 2 2 2 
0 0 0 0 0 2 2 2 
local_max = 3
start find..(4 7)
k = 5, cnt_max_home=3 max_k=4 
visited
0 0 0 0 0 0 0 2 
0 0 0 0 0 0 2 2 
0 0 0 0 0 2 2 2 
0 0 0 0 2 2 2 2 
0 0 0 2 2 2 2 2 
0 0 0 0 2 2 2 2 
0 0 0 0 0 2 2 2 
0 0 0 0 0 0 2 2 
local_max = 3
start find..(5 0)
k = 5, cnt_max_home=2 max_k=4 
visited
0 0 0 0 0 0 0 0 
2 0 0 0 0 0 0 0 
2 2 0 0 0 0 0 0 
2 2 2 0 0 0 0 0 
2 2 2 2 0 0 0 0 
2 2 2 2 2 0 0 0 
2 2 2 2 0 0 0 0 
2 2 2 0 0 0 0 0 
local_max = 2
start find..(5 1)
k = 5, cnt_max_home=3 max_k=4 
visited
0 0 0 0 0 0 0 0 
0 2 0 0 0 0 0 0 
2 2 2 0 0 0 0 0 
2 2 2 2 0 0 0 0 
2 2 2 2 2 0 0 0 
2 2 2 2 2 2 0 0 
2 2 2 2 2 0 0 0 
2 2 2 2 0 0 0 0 
local_max = 3
start find..(5 2)
k = 5, cnt_max_home=4 max_k=4 
visited
0 0 0 0 0 0 0 0 
0 0 2 0 0 0 0 0 
0 2 2 2 0 0 0 0 
2 2 2 2 2 0 0 0 
2 2 2 2 2 2 0 0 
2 2 2 2 2 2 2 0 
2 2 2 2 2 2 0 0 
2 2 2 2 2 0 0 0 
local_max = 4
start find..(5 3)
k = 5, cnt_max_home=4 max_k=3 
visited
0 0 0 0 0 0 0 0 
0 0 0 2 0 0 0 0 
0 0 2 2 2 0 0 0 
0 2 2 2 2 2 0 0 
2 2 2 2 2 2 2 0 
2 2 2 2 2 2 2 2 
2 2 2 2 2 2 2 0 
0 2 2 2 2 2 0 0 
local_max = 4
start find..(5 4)
k = 5, cnt_max_home=6 max_k=4 
visited
0 0 0 0 0 0 0 0 
0 0 0 0 2 0 0 0 
0 0 0 2 2 2 0 0 
0 0 2 2 2 2 2 0 
0 2 2 2 2 2 2 2 
2 2 2 2 2 2 2 2 
0 2 2 2 2 2 2 2 
0 0 2 2 2 2 2 0 
local_max = 6
start find..(5 5)
k = 5, cnt_max_home=4 max_k=4 
visited
0 0 0 0 0 0 0 0 
0 0 0 0 0 2 0 0 
0 0 0 0 2 2 2 0 
0 0 0 2 2 2 2 2 
0 0 2 2 2 2 2 2 
0 2 2 2 2 2 2 2 
0 0 2 2 2 2 2 2 
0 0 0 2 2 2 2 2 
local_max = 4
start find..(5 6)
k = 5, cnt_max_home=3 max_k=4 
visited
0 0 0 0 0 0 0 0 
0 0 0 0 0 0 2 0 
0 0 0 0 0 2 2 2 
0 0 0 0 2 2 2 2 
0 0 0 2 2 2 2 2 
0 0 2 2 2 2 2 2 
0 0 0 2 2 2 2 2 
0 0 0 0 2 2 2 2 
local_max = 3
start find..(5 7)
k = 5, cnt_max_home=1 max_k=3 
visited
0 0 0 0 0 0 0 0 
0 0 0 0 0 0 0 2 
0 0 0 0 0 0 2 2 
0 0 0 0 0 2 2 2 
0 0 0 0 2 2 2 2 
0 0 0 2 2 2 2 2 
0 0 0 0 2 2 2 2 
0 0 0 0 0 2 2 2 
local_max = 1
start find..(6 0)
k = 5, cnt_max_home=1 max_k=2 
visited
0 0 0 0 0 0 0 0 
0 0 0 0 0 0 0 0 
2 0 0 0 0 0 0 0 
2 2 0 0 0 0 0 0 
2 2 2 0 0 0 0 0 
2 2 2 2 0 0 0 0 
2 2 2 2 2 0 0 0 
2 2 2 2 0 0 0 0 
local_max = 1
start find..(6 1)
k = 5, cnt_max_home=3 max_k=4 
visited
0 0 0 0 0 0 0 0 
0 0 0 0 0 0 0 0 
0 2 0 0 0 0 0 0 
2 2 2 0 0 0 0 0 
2 2 2 2 0 0 0 0 
2 2 2 2 2 0 0 0 
2 2 2 2 2 2 0 0 
2 2 2 2 2 0 0 0 
local_max = 3
start find..(6 2)
k = 5, cnt_max_home=4 max_k=4 
visited
0 0 0 0 0 0 0 0 
0 0 0 0 0 0 0 0 
0 0 2 0 0 0 0 0 
0 2 2 2 0 0 0 0 
2 2 2 2 2 0 0 0 
2 2 2 2 2 2 0 0 
2 2 2 2 2 2 2 0 
2 2 2 2 2 2 0 0 
local_max = 4
start find..(6 3)
k = 5, cnt_max_home=5 max_k=4 
visited
0 0 0 0 0 0 0 0 
0 0 0 0 0 0 0 0 
0 0 0 2 0 0 0 0 
0 0 2 2 2 0 0 0 
0 2 2 2 2 2 0 0 
2 2 2 2 2 2 2 0 
2 2 2 2 2 2 2 2 
2 2 2 2 2 2 2 0 
local_max = 5
start find..(6 4)
k = 5, cnt_max_home=3 max_k=4 
visited
0 0 0 0 0 0 0 0 
0 0 0 0 0 0 0 0 
0 0 0 0 2 0 0 0 
0 0 0 2 2 2 0 0 
0 0 2 2 2 2 2 0 
0 2 2 2 2 2 2 2 
2 2 2 2 2 2 2 2 
0 2 2 2 2 2 2 2 
local_max = 3
start find..(6 5)
k = 5, cnt_max_home=3 max_k=4 
visited
0 0 0 0 0 0 0 0 
0 0 0 0 0 0 0 0 
0 0 0 0 0 2 0 0 
0 0 0 0 2 2 2 0 
0 0 0 2 2 2 2 2 
0 0 2 2 2 2 2 2 
0 2 2 2 2 2 2 2 
0 0 2 2 2 2 2 2 
local_max = 3
start find..(6 6)
k = 5, cnt_max_home=2 max_k=3 
visited
0 0 0 0 0 0 0 0 
0 0 0 0 0 0 0 0 
0 0 0 0 0 0 2 0 
0 0 0 0 0 2 2 2 
0 0 0 0 2 2 2 2 
0 0 0 2 2 2 2 2 
0 0 2 2 2 2 2 2 
0 0 0 2 2 2 2 2 
local_max = 2
start find..(6 7)
k = 5, cnt_max_home=2 max_k=4 
visited
0 0 0 0 0 0 0 0 
0 0 0 0 0 0 0 0 
0 0 0 0 0 0 0 2 
0 0 0 0 0 0 2 2 
0 0 0 0 0 2 2 2 
0 0 0 0 2 2 2 2 
0 0 0 2 2 2 2 2 
0 0 0 0 2 2 2 2 
local_max = 2
start find..(7 0)
k = 5, cnt_max_home=1 max_k=2 
visited
0 0 0 0 0 0 0 0 
0 0 0 0 0 0 0 0 
0 0 0 0 0 0 0 0 
2 0 0 0 0 0 0 0 
2 2 0 0 0 0 0 0 
2 2 2 0 0 0 0 0 
2 2 2 2 0 0 0 0 
2 2 2 2 2 0 0 0 
local_max = 1
start find..(7 1)
k = 5, cnt_max_home=1 max_k=2 
visited
0 0 0 0 0 0 0 0 
0 0 0 0 0 0 0 0 
0 0 0 0 0 0 0 0 
0 2 0 0 0 0 0 0 
2 2 2 0 0 0 0 0 
2 2 2 2 0 0 0 0 
2 2 2 2 2 0 0 0 
2 2 2 2 2 2 0 0 
local_max = 1
start find..(7 2)
k = 5, cnt_max_home=3 max_k=4 
visited
0 0 0 0 0 0 0 0 
0 0 0 0 0 0 0 0 
0 0 0 0 0 0 0 0 
0 0 2 0 0 0 0 0 
0 2 2 2 0 0 0 0 
2 2 2 2 2 0 0 0 
2 2 2 2 2 2 0 0 
2 2 2 2 2 2 2 0 
local_max = 3
start find..(7 3)
k = 5, cnt_max_home=3 max_k=4 
visited
0 0 0 0 0 0 0 0 
0 0 0 0 0 0 0 0 
0 0 0 0 0 0 0 0 
0 0 0 2 0 0 0 0 
0 0 2 2 2 0 0 0 
0 2 2 2 2 2 0 0 
2 2 2 2 2 2 2 0 
2 2 2 2 2 2 2 2 
local_max = 3
start find..(7 4)
k = 5, cnt_max_home=2 max_k=4 
visited
0 0 0 0 0 0 0 0 
0 0 0 0 0 0 0 0 
0 0 0 0 0 0 0 0 
0 0 0 0 2 0 0 0 
0 0 0 2 2 2 0 0 
0 0 2 2 2 2 2 0 
0 2 2 2 2 2 2 2 
2 2 2 2 2 2 2 2 
local_max = 2
start find..(7 5)
k = 5, cnt_max_home=2 max_k=3 
visited
0 0 0 0 0 0 0 0 
0 0 0 0 0 0 0 0 
0 0 0 0 0 0 0 0 
0 0 0 0 0 2 0 0 
0 0 0 0 2 2 2 0 
0 0 0 2 2 2 2 2 
0 0 2 2 2 2 2 2 
0 2 2 2 2 2 2 2 
local_max = 2
start find..(7 6)
k = 5, cnt_max_home=2 max_k=4 
visited
0 0 0 0 0 0 0 0 
0 0 0 0 0 0 0 0 
0 0 0 0 0 0 0 0 
0 0 0 0 0 0 2 0 
0 0 0 0 0 2 2 2 
0 0 0 0 2 2 2 2 
0 0 0 2 2 2 2 2 
0 0 2 2 2 2 2 2 
local_max = 2
start find..(7 7)
k = 5, cnt_max_home=1 max_k=3 
visited
0 0 0 0 0 0 0 0 
0 0 0 0 0 0 0 0 
0 0 0 0 0 0 0 0 
0 0 0 0 0 0 0 2 
0 0 0 0 0 0 2 2 
0 0 0 0 0 2 2 2 
0 0 0 0 2 2 2 2 
0 0 0 2 2 2 2 2 
local_max = 1
#1 6
run time: 0.002395
